<?xml version="1.0" encoding="UTF-8"?>
<!-- Generated by org.testng.reporters.JUnitReportReporter -->
<testsuite hostname="WS10" name="RemOnline.test.pages.HomePageTest" tests="2" failures="0" timestamp="25 Aug 2014 07:17:33 GMT" time="0.085" errors="0">
  <testcase name="testH1Existing" time="0.069" classname="RemOnline.test.pages.HomePageTest"/>
  <testcase name="test2" time="0.016" classname="RemOnline.test.pages.HomePageTest"/>
</testsuite> <!-- RemOnline.test.pages.HomePageTest -->
